<?xml version="1.0" encoding="UTF-8"?>
<!-- Generated by org.testng.reporters.JUnitReportReporter -->
<testsuite hostname="TGL217" failures="0" tests="1" name="tc.generateHAR" time="13.214" errors="0" timestamp="2022-02-08T12:33:59 IST" skipped="0">
  <testcase classname="tc.generateHAR" name="generateHARFile" time="13.214"/>
  <system-out/>
</testsuite> <!-- tc.generateHAR -->
